<?xml version="1.0" encoding="UTF-8"?>
<testng-results skipped="0" failed="0" ignored="0" total="6" passed="6">
  <reporter-output>
  </reporter-output>
  <suite name="Default suite" duration-ms="24117" started-at="2018-12-15T13:52:38Z" finished-at="2018-12-15T13:53:02Z">
    <groups>
    </groups>
    <test name="Default test" duration-ms="24117" started-at="2018-12-15T13:52:38Z" finished-at="2018-12-15T13:53:02Z">
      <class name="DataProviderFormExcel">
        <test-method status="PASS" signature="setUp()[pri:0, instance:DataProviderFormExcel@1d8db5a]" name="setUp" is-config="true" duration-ms="10565" started-at="2018-12-15T13:52:38Z" finished-at="2018-12-15T13:52:48Z">
          <reporter-output>
          </reporter-output>
        </test-method> <!-- setUp -->
        <test-method status="PASS" signature="sFormValidation(java.lang.String, java.lang.String, java.lang.String, java.lang.String, java.lang.String)[pri:0, instance:DataProviderFormExcel@1d8db5a]" name="sFormValidation" duration-ms="2342" started-at="2018-12-15T13:52:49Z" data-provider="FacebookForm" finished-at="2018-12-15T13:52:51Z">
          <params>
            <param index="0">
              <value>
                <![CDATA[Przemek]]>
              </value>
            </param>
            <param index="1">
              <value>
                <![CDATA[Kieloch]]>
              </value>
            </param>
            <param index="2">
              <value>
                <![CDATA[Manutdasd123]]>
              </value>
            </param>
            <param index="3">
              <value>
                <![CDATA[no.no@gmail.com]]>
              </value>
            </param>
            <param index="4">
              <value>
                <![CDATA[Datsiklqadas@gmail.com]]>
              </value>
            </param>
          </params>
          <reporter-output>
          </reporter-output>
        </test-method> <!-- sFormValidation -->
        <test-method status="PASS" signature="sFormValidation(java.lang.String, java.lang.String, java.lang.String, java.lang.String, java.lang.String)[pri:0, instance:DataProviderFormExcel@1d8db5a]" name="sFormValidation" duration-ms="2135" started-at="2018-12-15T13:52:51Z" data-provider="FacebookForm" finished-at="2018-12-15T13:52:53Z">
          <params>
            <param index="0">
              <value>
                <![CDATA[ashley]]>
              </value>
            </param>
            <param index="1">
              <value>
                <![CDATA[Young]]>
              </value>
            </param>
            <param index="2">
              <value>
                <![CDATA[UTDMAN123]]>
              </value>
            </param>
            <param index="3">
              <value>
                <![CDATA[no.no@gmail.com]]>
              </value>
            </param>
            <param index="4">
              <value>
                <![CDATA[Datsiklqadas@gmail.com]]>
              </value>
            </param>
          </params>
          <reporter-output>
          </reporter-output>
        </test-method> <!-- sFormValidation -->
        <test-method status="PASS" signature="sFormValidation(java.lang.String, java.lang.String, java.lang.String, java.lang.String, java.lang.String)[pri:0, instance:DataProviderFormExcel@1d8db5a]" name="sFormValidation" duration-ms="2172" started-at="2018-12-15T13:52:53Z" data-provider="FacebookForm" finished-at="2018-12-15T13:52:55Z">
          <params>
            <param index="0">
              <value>
                <![CDATA[Marcus]]>
              </value>
            </param>
            <param index="1">
              <value>
                <![CDATA[Rashford]]>
              </value>
            </param>
            <param index="2">
              <value>
                <![CDATA[ManUTD123]]>
              </value>
            </param>
            <param index="3">
              <value>
                <![CDATA[no.no@gmail.com]]>
              </value>
            </param>
            <param index="4">
              <value>
                <![CDATA[Datsiklqadas@gmail.com]]>
              </value>
            </param>
          </params>
          <reporter-output>
          </reporter-output>
        </test-method> <!-- sFormValidation -->
        <test-method status="PASS" signature="sFormValidation(java.lang.String, java.lang.String, java.lang.String, java.lang.String, java.lang.String)[pri:0, instance:DataProviderFormExcel@1d8db5a]" name="sFormValidation" duration-ms="2153" started-at="2018-12-15T13:52:55Z" data-provider="FacebookForm" finished-at="2018-12-15T13:52:57Z">
          <params>
            <param index="0">
              <value>
                <![CDATA[Anthony]]>
              </value>
            </param>
            <param index="1">
              <value>
                <![CDATA[Martial]]>
              </value>
            </param>
            <param index="2">
              <value>
                <![CDATA[UTDmaU12345]]>
              </value>
            </param>
            <param index="3">
              <value>
                <![CDATA[no.no@gmail.com]]>
              </value>
            </param>
            <param index="4">
              <value>
                <![CDATA[Datsiklqadas@gmail.com]]>
              </value>
            </param>
          </params>
          <reporter-output>
          </reporter-output>
        </test-method> <!-- sFormValidation -->
        <test-method status="PASS" signature="sFormValidation(java.lang.String, java.lang.String, java.lang.String, java.lang.String, java.lang.String)[pri:0, instance:DataProviderFormExcel@1d8db5a]" name="sFormValidation" duration-ms="2159" started-at="2018-12-15T13:52:57Z" data-provider="FacebookForm" finished-at="2018-12-15T13:53:00Z">
          <params>
            <param index="0">
              <value>
                <![CDATA[Paul]]>
              </value>
            </param>
            <param index="1">
              <value>
                <![CDATA[Pogba]]>
              </value>
            </param>
            <param index="2">
              <value>
                <![CDATA[UMANDATA]]>
              </value>
            </param>
            <param index="3">
              <value>
                <![CDATA[no.no@gmail.com]]>
              </value>
            </param>
            <param index="4">
              <value>
                <![CDATA[Datsiklqadas@gmail.com]]>
              </value>
            </param>
          </params>
          <reporter-output>
          </reporter-output>
        </test-method> <!-- sFormValidation -->
        <test-method status="PASS" signature="sFormValidation(java.lang.String, java.lang.String, java.lang.String, java.lang.String, java.lang.String)[pri:0, instance:DataProviderFormExcel@1d8db5a]" name="sFormValidation" duration-ms="2185" started-at="2018-12-15T13:53:00Z" data-provider="FacebookForm" finished-at="2018-12-15T13:53:02Z">
          <params>
            <param index="0">
              <value>
                <![CDATA[David ]]>
              </value>
            </param>
            <param index="1">
              <value>
                <![CDATA[De Gea ]]>
              </value>
            </param>
            <param index="2">
              <value>
                <![CDATA[asdadsao]]>
              </value>
            </param>
            <param index="3">
              <value>
                <![CDATA[no.no@gmail.com]]>
              </value>
            </param>
            <param index="4">
              <value>
                <![CDATA[Datsiklqadas@gmail.com]]>
              </value>
            </param>
          </params>
          <reporter-output>
          </reporter-output>
        </test-method> <!-- sFormValidation -->
      </class> <!-- DataProviderFormExcel -->
    </test> <!-- Default test -->
  </suite> <!-- Default suite -->
</testng-results>
